0 info it worked if it ends with ok
1 verbose cli [ 'C:\\Program Files\\nodejs\\node.exe',
1 verbose cli   'C:\\Program Files\\nodejs\\node_modules\\npm\\bin\\npm-cli.js',
1 verbose cli   'run',
1 verbose cli   'build:vue' ]
2 info using npm@3.7.3
3 info using node@v5.9.0
4 verbose run-script [ 'prebuild:vue', 'build:vue', 'postbuild:vue' ]
5 info lifecycle proton-example@0.0.1~prebuild:vue: proton-example@0.0.1
6 silly lifecycle proton-example@0.0.1~prebuild:vue: no script for prebuild:vue, continuing
7 info lifecycle proton-example@0.0.1~build:vue: proton-example@0.0.1
8 verbose lifecycle proton-example@0.0.1~build:vue: unsafe-perm in lifecycle true
9 verbose lifecycle proton-example@0.0.1~build:vue: PATH: C:\Program Files\nodejs\node_modules\npm\bin\node-gyp-bin;C:\p\tryout\bem-approach\node_modules\.bin;C:\Program Files\nodejs;C:\Program Files\nodejs\node_modules\npm\bin\node-gyp-bin;C:\p\tryout\bem-approach\node_modules\.bin;C:\Program Files\nodejs;.\node_modules\.bin;C:\ProgramData\Oracle\Java\javapath;C:\Windows\system32;C:\Windows;C:\Windows\System32\Wbem;C:\Windows\System32\WindowsPowerShell\v1.0\;C:\portable\fciv\;C:\Program Files (x86)\WinSCP\;C:\Program Files (x86)\GitExtensions\;C:\Program Files\Git\cmd;C:\Program Files (x86)\Skype\Phone\;C:\Program Files\nodejs\;C:\xampp\php\;C:%HOMEPATH%\AppData\Roaming\Composer\vendor\bin;C:\Users\mrickenbacher\AppData\Roaming\npm
10 verbose lifecycle proton-example@0.0.1~build:vue: CWD: C:\p\tryout\bem-approach
11 silly lifecycle proton-example@0.0.1~build:vue: Args: [ '/d /s /c', 'browserify src/index.js > dist/build.js' ]
12 silly lifecycle proton-example@0.0.1~build:vue: Returned: code: 1  signal: null
13 info lifecycle proton-example@0.0.1~build:vue: Failed to exec build:vue script
14 verbose stack Error: proton-example@0.0.1 build:vue: `browserify src/index.js > dist/build.js`
14 verbose stack Exit status 1
14 verbose stack     at EventEmitter.<anonymous> (C:\Program Files\nodejs\node_modules\npm\lib\utils\lifecycle.js:239:16)
14 verbose stack     at emitTwo (events.js:100:13)
14 verbose stack     at EventEmitter.emit (events.js:185:7)
14 verbose stack     at ChildProcess.<anonymous> (C:\Program Files\nodejs\node_modules\npm\lib\utils\spawn.js:24:14)
14 verbose stack     at emitTwo (events.js:100:13)
14 verbose stack     at ChildProcess.emit (events.js:185:7)
14 verbose stack     at maybeClose (internal/child_process.js:850:16)
14 verbose stack     at Process.ChildProcess._handle.onexit (internal/child_process.js:215:5)
15 verbose pkgid proton-example@0.0.1
16 verbose cwd C:\p\tryout\bem-approach
17 error Windows_NT 6.1.7601
18 error argv "C:\\Program Files\\nodejs\\node.exe" "C:\\Program Files\\nodejs\\node_modules\\npm\\bin\\npm-cli.js" "run" "build:vue"
19 error node v5.9.0
20 error npm  v3.7.3
21 error code ELIFECYCLE
22 error proton-example@0.0.1 build:vue: `browserify src/index.js > dist/build.js`
22 error Exit status 1
23 error Failed at the proton-example@0.0.1 build:vue script 'browserify src/index.js > dist/build.js'.
23 error Make sure you have the latest version of node.js and npm installed.
23 error If you do, this is most likely a problem with the proton-example package,
23 error not with npm itself.
23 error Tell the author that this fails on your system:
23 error     browserify src/index.js > dist/build.js
23 error You can get information on how to open an issue for this project with:
23 error     npm bugs proton-example
23 error Or if that isn't available, you can get their info via:
23 error     npm owner ls proton-example
23 error There is likely additional logging output above.
24 verbose exit [ 1, true ]
